# JRE version: Java(TM) SE Runtime Environment (8.0_65-b17) (build 1.8.0_65-b17)
# Java VM: Java HotSpot(TM) 64-Bit Server VM (25.65-b01 mixed mode windows-amd64 compressed oops)
Heap:
 PSYoungGen      total 428032K, used 231311K [0x00000000e0000000, 0x00000000fd080000, 0x0000000100000000)
  eden space 393728K, 50% used [0x00000000e0000000,0x00000000ec068708,0x00000000f8080000)
  from space 34304K, 99% used [0x00000000faa80000,0x00000000fcbfb510,0x00000000fcc00000)
  to   space 40960K, 0% used [0x00000000f8080000,0x00000000f8080000,0x00000000fa880000)
 ParOldGen       total 153088K, used 78528K [0x00000000a0000000, 0x00000000a9580000, 0x00000000e0000000)
  object space 153088K, 51% used [0x00000000a0000000,0x00000000a4cb0338,0x00000000a9580000)
 Metaspace       used 76773K, capacity 80442K, committed 80688K, reserved 1118208K
  class space    used 10103K, capacity 10984K, committed 11056K, reserved 1048576K
GC Heap History (10 events):
Event: 209.893 GC heap before
{Heap before GC invocations=21 (full 3):
 PSYoungGen      total 247808K, used 233937K [0x00000000e0000000, 0x00000000f4a80000, 0x0000000100000000)
  eden space 219648K, 100% used [0x00000000e0000000,0x00000000ed680000,0x00000000ed680000)
  from space 28160K, 50% used [0x00000000ed680000,0x00000000ee4746d0,0x00000000ef200000)
  to   space 27648K, 0% used [0x00000000f2f80000,0x00000000f2f80000,0x00000000f4a80000)
 ParOldGen       total 153088K, used 52454K [0x00000000a0000000, 0x00000000a9580000, 0x00000000e0000000)
  object space 153088K, 34% used [0x00000000a0000000,0x00000000a3339930,0x00000000a9580000)
 Metaspace       used 65643K, capacity 68554K, committed 68656K, reserved 1107968K
  class space    used 8912K, capacity 9684K, committed 9776K, reserved 1048576K
Event: 209.959 GC heap after
Heap after GC invocations=21 (full 3):
 PSYoungGen      total 305664K, used 23650K [0x00000000e0000000, 0x00000000f4a80000, 0x0000000100000000)
  eden space 278016K, 0% used [0x00000000e0000000,0x00000000e0000000,0x00000000f0f80000)
  from space 27648K, 85% used [0x00000000f2f80000,0x00000000f4698958,0x00000000f4a80000)
  to   space 30208K, 0% used [0x00000000f0f80000,0x00000000f0f80000,0x00000000f2d00000)
 ParOldGen       total 153088K, used 52462K [0x00000000a0000000, 0x00000000a9580000, 0x00000000e0000000)
  object space 153088K, 34% used [0x00000000a0000000,0x00000000a333b930,0x00000000a9580000)
 Metaspace       used 65643K, capacity 68554K, committed 68656K, reserved 1107968K
  class space    used 8912K, capacity 9684K, committed 9776K, reserved 1048576K
}
Event: 1079.766 GC heap before
{Heap before GC invocations=22 (full 3):
 PSYoungGen      total 305664K, used 301666K [0x00000000e0000000, 0x00000000f4a80000, 0x0000000100000000)
  eden space 278016K, 100% used [0x00000000e0000000,0x00000000f0f80000,0x00000000f0f80000)
  from space 27648K, 85% used [0x00000000f2f80000,0x00000000f4698958,0x00000000f4a80000)
  to   space 30208K, 0% used [0x00000000f0f80000,0x00000000f0f80000,0x00000000f2d00000)
 ParOldGen       total 153088K, used 52462K [0x00000000a0000000, 0x00000000a9580000, 0x00000000e0000000)
  object space 153088K, 34% used [0x00000000a0000000,0x00000000a333b930,0x00000000a9580000)
 Metaspace       used 66334K, capacity 69378K, committed 69680K, reserved 1110016K
  class space    used 8950K, capacity 9756K, committed 9776K, reserved 1048576K
Event: 1079.885 GC heap after
Heap after GC invocations=22 (full 3):
 PSYoungGen      total 308224K, used 24417K [0x00000000e0000000, 0x00000000f8f80000, 0x0000000100000000)
  eden space 278016K, 0% used [0x00000000e0000000,0x00000000e0000000,0x00000000f0f80000)
  from space 30208K, 80% used [0x00000000f0f80000,0x00000000f2758778,0x00000000f2d00000)
  to   space 32256K, 0% used [0x00000000f7000000,0x00000000f7000000,0x00000000f8f80000)
 ParOldGen       total 153088K, used 52470K [0x00000000a0000000, 0x00000000a9580000, 0x00000000e0000000)
  object space 153088K, 34% used [0x00000000a0000000,0x00000000a333d930,0x00000000a9580000)
 Metaspace       used 66334K, capacity 69378K, committed 69680K, reserved 1110016K
  class space    used 8950K, capacity 9756K, committed 9776K, reserved 1048576K
}
Event: 1124.646 GC heap before
{Heap before GC invocations=23 (full 3):
 PSYoungGen      total 308224K, used 302433K [0x00000000e0000000, 0x00000000f8f80000, 0x0000000100000000)
  eden space 278016K, 100% used [0x00000000e0000000,0x00000000f0f80000,0x00000000f0f80000)
  from space 30208K, 80% used [0x00000000f0f80000,0x00000000f2758778,0x00000000f2d00000)
  to   space 32256K, 0% used [0x00000000f7000000,0x00000000f7000000,0x00000000f8f80000)
 ParOldGen       total 153088K, used 52470K [0x00000000a0000000, 0x00000000a9580000, 0x00000000e0000000)
  object space 153088K, 34% used [0x00000000a0000000,0x00000000a333d930,0x00000000a9580000)
 Metaspace       used 68400K, capacity 71658K, committed 71728K, reserved 1112064K
  class space    used 9186K, capacity 9976K, committed 10032K, reserved 1048576K
Event: 1124.723 GC heap after
Heap after GC invocations=23 (full 3):
 PSYoungGen      total 360448K, used 16408K [0x00000000e0000000, 0x00000000f8680000, 0x0000000100000000)
  eden space 337408K, 0% used [0x00000000e0000000,0x00000000e0000000,0x00000000f4980000)
  from space 23040K, 71% used [0x00000000f7000000,0x00000000f80060a8,0x00000000f8680000)
  to   space 31232K, 0% used [0x00000000f4980000,0x00000000f4980000,0x00000000f6800000)
 ParOldGen       total 153088K, used 61882K [0x00000000a0000000, 0x00000000a9580000, 0x00000000e0000000)
  object space 153088K, 40% used [0x00000000a0000000,0x00000000a3c6eaf0,0x00000000a9580000)
 Metaspace       used 68400K, capacity 71658K, committed 71728K, reserved 1112064K
  class space    used 9186K, capacity 9976K, committed 10032K, reserved 1048576K
}
Event: 1168.992 GC heap before
{Heap before GC invocations=24 (full 3):
 PSYoungGen      total 360448K, used 353816K [0x00000000e0000000, 0x00000000f8680000, 0x0000000100000000)
  eden space 337408K, 100% used [0x00000000e0000000,0x00000000f4980000,0x00000000f4980000)
  from space 23040K, 71% used [0x00000000f7000000,0x00000000f80060a8,0x00000000f8680000)
  to   space 31232K, 0% used [0x00000000f4980000,0x00000000f4980000,0x00000000f6800000)
 ParOldGen       total 153088K, used 61882K [0x00000000a0000000, 0x00000000a9580000, 0x00000000e0000000)
  object space 153088K, 40% used [0x00000000a0000000,0x00000000a3c6eaf0,0x00000000a9580000)
 Metaspace       used 74951K, capacity 78168K, committed 78384K, reserved 1116160K
  class space    used 9894K, capacity 10715K, committed 10800K, reserved 1048576K
Event: 1169.143 GC heap after
Heap after GC invocations=24 (full 3):
 PSYoungGen      total 368640K, used 28156K [0x00000000e0000000, 0x00000000fcc00000, 0x0000000100000000)
  eden space 337408K, 0% used [0x00000000e0000000,0x00000000e0000000,0x00000000f4980000)
  from space 31232K, 90% used [0x00000000f4980000,0x00000000f64ff170,0x00000000f6800000)
  to   space 34304K, 0% used [0x00000000faa80000,0x00000000faa80000,0x00000000fcc00000)
 ParOldGen       total 153088K, used 73388K [0x00000000a0000000, 0x00000000a9580000, 0x00000000e0000000)
  object space 153088K, 47% used [0x00000000a0000000,0x00000000a47ab1c8,0x00000000a9580000)
 Metaspace       used 74951K, capacity 78168K, committed 78384K, reserved 1116160K
  class space    used 9894K, capacity 10715K, committed 10800K, reserved 1048576K
}
Event: 1240.363 GC heap before
{Heap before GC invocations=25 (full 3):
 PSYoungGen      total 368640K, used 365564K [0x00000000e0000000, 0x00000000fcc00000, 0x0000000100000000)
  eden space 337408K, 100% used [0x00000000e0000000,0x00000000f4980000,0x00000000f4980000)
  from space 31232K, 90% used [0x00000000f4980000,0x00000000f64ff170,0x00000000f6800000)
  to   space 34304K, 0% used [0x00000000faa80000,0x00000000faa80000,0x00000000fcc00000)
 ParOldGen       total 153088K, used 73388K [0x00000000a0000000, 0x00000000a9580000, 0x00000000e0000000)
  object space 153088K, 47% used [0x00000000a0000000,0x00000000a47ab1c8,0x00000000a9580000)
 Metaspace       used 75491K, capacity 78944K, committed 79280K, reserved 1118208K
  class space    used 9952K, capacity 10821K, committed 10928K, reserved 1048576K
Event: 1240.462 GC heap after
Heap after GC invocations=25 (full 3):
 PSYoungGen      total 428032K, used 34285K [0x00000000e0000000, 0x00000000fd080000, 0x0000000100000000)
  eden space 393728K, 0% used [0x00000000e0000000,0x00000000e0000000,0x00000000f8080000)
  from space 34304K, 99% used [0x00000000faa80000,0x00000000fcbfb510,0x00000000fcc00000)
  to   space 40960K, 0% used [0x00000000f8080000,0x00000000f8080000,0x00000000fa880000)
 ParOldGen       total 153088K, used 78528K [0x00000000a0000000, 0x00000000a9580000, 0x00000000e0000000)
  object space 153088K, 51% used [0x00000000a0000000,0x00000000a4cb0338,0x00000000a9580000)
 Metaspace       used 75491K, capacity 78944K, committed 79280K, reserved 1118208K
  class space    used 9952K, capacity 10821K, committed 10928K, reserved 1048576K
}

